Arguments: 
  C:\Program Files\nodejs\node.exe C:\Program Files (x86)\Yarn\bin\yarn.js install

PATH: 
  C:\Program Files\OpenJDK\jdk-8.0.262.10-hotspot\bin;C:\Users\Mulan\AppData\Local\Programs\Python\Python39\Scripts\;C:\Users\Mulan\AppData\Local\Programs\Python\Python39\;C:\Program Files\Python39\Scripts\;C:\Program Files\Python39\;C:\Python39\Scripts\;C:\Python39\;C:\WINDOWS\system32;C:\WINDOWS;C:\WINDOWS\System32\Wbem;C:\WINDOWS\System32\WindowsPowerShell\v1.0\;C:\WINDOWS\System32\OpenSSH\;E:\XAMPP\php;C:\composer;C:\Program Files\Microsoft SQL Server\Client SDK\ODBC\170\Tools\Binn\;C:\Program Files (x86)\Microsoft SQL Server\150\Tools\Binn\;C:\Program Files\Microsoft SQL Server\150\Tools\Binn\;C:\Program Files\Microsoft SQL Server\150\DTS\Binn\;C:\ProgramData\chocolatey\bin;C:\Program Files\Git\cmd;C:\Program Files (x86)\Yarn\bin\;C:\Program Files\nodejs\;C:\Users\Mulan\AppData\Local\Microsoft\WindowsApps;C:\Users\Mulan\AppData\Local\Programs\Microsoft VS Code\bin;C:\Users\Mulan\AppData\Roaming\Composer\vendor\bin;C:\Users\Mulan\AppData\Local\GitHubDesktop\bin;C:\Gradle\gradle-7.1.1\bin;C:\Users\Mulan\AppData\Local\Yarn\bin;C:\Users\Mulan\AppData\Roaming\npm

Yarn version: 
  1.22.5

Node version: 
  16.4.2

Platform: 
  win32 x64

Trace: 
  Error: https://registry.yarnpkg.com/ngx-swiper-wrapper/-/ngx-swiper-wrapper-4.9.0.tgz: ESOCKETTIMEDOUT
      at ClientRequest.<anonymous> (C:\Program Files (x86)\Yarn\lib\cli.js:141376:19)
      at Object.onceWrapper (node:events:513:28)
      at ClientRequest.emit (node:events:394:28)
      at TLSSocket.emitRequestTimeout (node:_http_client:761:9)
      at Object.onceWrapper (node:events:513:28)
      at TLSSocket.emit (node:events:406:35)
      at TLSSocket.Socket._onTimeout (node:net:476:8)
      at listOnTimeout (node:internal/timers:557:17)
      at processTimers (node:internal/timers:500:7)

npm manifest: 
  {
    "name": "frontend",
    "version": "0.0.0",
    "license": "MIT",
    "scripts": {
      "ng": "ng",
      "serve": " node  --max-old-space-size=10000  ./node_modules/@angular/cli/bin/ng serve --port=5000 --configuration=local ",
      "dev_aot": "ng serve --configuration=dev --aot",
      "dev_old": "node --max-old-space-size=32000 ./node_modules/@angular/cli/bin/ng serve --configuration=dev",
      "start": " node  --max-old-space-size=10000  ./node_modules/@angular/cli/bin/ng serve --port=5000 --configuration=local ",
      "start-staging": "node ./node_modules/@angular/cli/bin/ng serve --source-map=false --aot --prod --live-reload=false --port=5000 --configuration=staging ",
      "build": "ng build",
      "test": "ng test",
      "lint": "ng lint",
      "e2e": "ng e2e",
      "compile:server": "webpack --config webpack.server.config.js --progress --colors ",
      "app": "node dist/server ",
      "serve:ssr": "node dist/server",
      "build:ssr": "npm run build:client-and-server-bundles && npm run compile:server",
      "build-staging": " node  --max-old-space-size=10000  ./node_modules/@angular/cli/bin/ng   build --prod --configuration=staging --aot --build-optimizer  && ng run frontend:server:staging --bundleDependencies all && webpack --config webpack.server.config.js   ",
      "build:client-and-server-bundles": "ng build --prod --configuration=dev && ng run frontend:server:dev --bundleDependencies all"
    },
    "private": true,
    "dependencies": {
      "@agm/core": "1.0.0",
      "@agm/snazzy-info-window": "1.0.0",
      "@angular/animations": "8.2.13",
      "@angular/cdk": "8.2.3",
      "@angular/common": "8.2.13",
      "@angular/compiler": "8.2.13",
      "@angular/core": "8.2.13",
      "@angular/forms": "8.2.13",
      "@angular/material": "8.2.3",
      "@angular/platform-browser": "8.2.13",
      "@angular/platform-browser-dynamic": "8.2.13",
      "@angular/platform-server": "8.2.13",
      "@angular/router": "8.2.13",
      "@nguniversal/express-engine": "8.1.1",
      "@nguniversal/module-map-ngfactory-loader": "8.1.1",
      "@ngx-translate/core": "11.0.1",
      "@ngx-translate/http-loader": "4.0.0",
      "@swimlane/ngx-charts": "^12.1.0",
      "@types/express": "4.17.2",
      "@types/smoothscroll-polyfill": "0.3.1",
      "angular-archwizard": "5.0.0",
      "angular-cc-library": "1.2.5",
      "angular-password-strength-meter": "1.0.1",
      "angular2-cookie-law": "7.0.1",
      "angular2-counto": "1.2.5",
      "angulartics2": "6.3.1",
      "aos": "2.3.4",
      "blob-util": "2.0.2",
      "chart.js": "^3.2.1",
      "classlist.js": "1.1.20150312",
      "core-js": "2.4.1",
      "credit-card-logos": "1.0.5",
      "domino": "2.1.3",
      "es6-shim": "0.35.5",
      "express": "4.17.1",
      "hammerjs": "2.0.8",
      "http-server": "0.11.1",
      "intl": "1.2.5",
      "jquery": "3.4.1",
      "lodash": "4.17.15",
      "metismenu": "2.7.9",
      "ng2-charts": "^2.4.2",
      "ng2-cookies": "1.0.12",
      "ngx-bootstrap": "5.2.0",
      "ngx-countdown-timer": "0.1.9",
      "ngx-credit-cards": "1.0.9",
      "ngx-currency": "1.5.1",
      "ngx-device-detector": "1.3.11",
      "ngx-doughnut-chart": "0.0.4",
      "ngx-pipes": "2.6.0",
      "ngx-swiper-wrapper": "4.9.0",
      "ngx-toastr": "11.2.0",
      "plyr": "3.5.6",
      "rxjs": "6.5.3",
      "smoothscroll-polyfill": "0.4.4",
      "snazzy-info-window": "1.1.1",
      "url-search-params-polyfill": "4.0.0",
      "validatorjs": "3.17.1",
      "web-animations-js": "2.3.2",
      "ws": "7.2.0",
      "xmlhttprequest": "1.8.0",
      "zone.js": "0.9.1",
      "zxcvbn": "4.4.2"
    },
    "devDependencies": {
      "@angular-devkit/build-angular": "0.803.17",
      "@angular/cli": "8.3.17",
      "@angular/compiler-cli": "8.2.13",
      "@angular/language-service": "8.2.13",
      "@compodoc/compodoc": "1.1.11",
      "@types/google.analytics": "0.0.40",
      "@types/googlemaps": "3.38.0",
      "@types/hammerjs": "2.0.36",
      "@types/jasmine": "3.4.5",
      "@types/jasminewd2": "2.0.8",
      "@types/lodash": "4.14.168",
      "@types/node": "12.12.5",
      "@types/uglify-js": "2.6.30",
      "@types/webpack": "4.39.8",
      "add-asset-html-webpack-plugin": "3.1.3",
      "angular2-template-loader": "0.6.2",
      "assets-webpack-plugin": "3.9.10",
      "awesome-typescript-loader": "5.2.1",
      "codelyzer": "5.2.0",
      "copy-webpack-plugin": "5.0.4",
      "cross-env": "5.1.3",
      "css-loader": "0.28.10",
      "exports-loader": "0.7.0",
      "expose-loader": "0.7.5",
      "file-loader": "4.2.0",
      "find-root": "1.1.0",
      "gh-pages": "1.1.0",
      "html-webpack-plugin": "3.2.0",
      "imports-loader": "0.8.0",
      "inline-manifest-webpack-plugin": "4.0.2",
      "istanbul-instrumenter-loader": "3.0.1",
      "jasmine-core": "3.5.0",
      "jasmine-spec-reporter": "4.2.1",
      "karma": "4.4.1",
      "karma-chrome-launcher": "3.1.0",
      "karma-coverage": "2.0.1",
      "karma-coverage-istanbul-reporter": "2.1.0",
      "karma-jasmine": "2.0.1",
      "karma-jasmine-html-reporter": "1.4.2",
      "karma-mocha-reporter": "2.2.5",
      "karma-remap-coverage": "0.1.5",
      "karma-sourcemap-loader": "0.3.7",
      "karma-webpack": "4.0.2",
      "mini-css-extract-plugin": "0.8.0",
      "node-sass": "^4.13.0",
      "npm-run-all": "4.1.5",
      "optimize-js-plugin": "0.0.4",
      "parse5": "4.0.0",
      "protractor": "5.4.2",
      "raw-loader": "0.5.1",
      "rimraf": "2.6.2",
      "sass-loader": "6.0.6",
      "source-map-loader": "0.2.4",
      "string-replace-loader": "2.1.1",
      "style-loader": "0.20.2",
      "to-string-loader": "1.1.5",
      "ts-loader": "5.4.5",
      "ts-node": "5.0.1",
      "tslib": "1.10.0",
      "tslint": "5.9.1",
      "tslint-loader": "3.5.4",
      "typedoc": "0.15.0",
      "typescript": "3.5.3",
      "uglifyjs-webpack-plugin": "2.2.0",
      "url-loader": "2.2.0",
      "webpack": "4.41.2",
      "webpack-cli": "3.3.10",
      "webpack-dev-middleware": "3.7.2",
      "webpack-dev-server": "3.9.0",
      "webpack-merge": "4.2.2",
      "webpack-node-externals": "1.7.2"
    }
  }

yarn manifest: 
  No manifest

Lockfile: 
  No lockfile
